2023-02-09 12:03:56 [127.0.0.1][-][-][error][yii\web\HttpException:404] yii\base\InvalidRouteException: Unable to resolve the request "". in W:\domains\yiitesting\vendor\yiisoft\yii2\base\Module.php:561
Stack trace:
#0 W:\domains\yiitesting\vendor\yiisoft\yii2\web\Application.php(103): yii\base\Module->runAction()
#1 W:\domains\yiitesting\vendor\yiisoft\yii2\base\Application.php(384): yii\web\Application->handleRequest()
#2 W:\domains\yiitesting\web\index.php(12): yii\base\Application->run()
#3 {main}

Next yii\web\NotFoundHttpException: Страница не найдена. in W:\domains\yiitesting\vendor\yiisoft\yii2\web\Application.php:115
Stack trace:
#0 W:\domains\yiitesting\vendor\yiisoft\yii2\base\Application.php(384): yii\web\Application->handleRequest()
#1 W:\domains\yiitesting\web\index.php(12): yii\base\Application->run()
#2 {main}
2023-02-09 12:03:56 [127.0.0.1][-][-][info][application] $_GET = []

$_POST = []

$_FILES = []

$_COOKIE = [
    'PHPSESSID' => '5onvp41g1qv94kc07qvcfh7q1ijl6tsn'
    '_csrf' => 'bdeef68185a61fab7db5951ec39f26b233ded79bf05d986bef43ad850a02c77da:2:{i:0;s:5:\"_csrf\";i:1;s:32:\"_yQRztiHWYLG6pVmv1mT9qKWtNkE6OoK\";}'
]

$_SESSION = [
    '__flash' => []
    '__captcha/site/captcha' => 'sateqi'
    '__captcha/site/captchacount' => 1
]

$_SERVER = [
    'HTTP_HOST' => 'yiitesting'
    'HTTP_CONNECTION' => 'keep-alive'
    'HTTP_CACHE_CONTROL' => 'max-age=0'
    'HTTP_UPGRADE_INSECURE_REQUESTS' => '1'
    'HTTP_USER_AGENT' => 'Mozilla/5.0 (Windows NT 10.0; Win64; x64) AppleWebKit/537.36 (KHTML, like Gecko) Chrome/109.0.0.0 Safari/537.36'
    'HTTP_ACCEPT' => 'text/html,application/xhtml+xml,application/xml;q=0.9,image/avif,image/webp,image/apng,*/*;q=0.8,application/signed-exchange;v=b3;q=0.9'
    'HTTP_REFERER' => 'http://yiitesting/web/images/create'
    'HTTP_ACCEPT_ENCODING' => 'gzip, deflate'
    'HTTP_ACCEPT_LANGUAGE' => 'ru-RU,ru;q=0.9,en-US;q=0.8,en;q=0.7'
    'HTTP_COOKIE' => 'PHPSESSID=5onvp41g1qv94kc07qvcfh7q1ijl6tsn; _csrf=bdeef68185a61fab7db5951ec39f26b233ded79bf05d986bef43ad850a02c77da%3A2%3A%7Bi%3A0%3Bs%3A5%3A%22_csrf%22%3Bi%3A1%3Bs%3A32%3A%22_yQRztiHWYLG6pVmv1mT9qKWtNkE6OoK%22%3B%7D'
    'PATH' => 'w:\\modules\\php\\PHP_7.4\\ext;w:\\modules\\php\\PHP_7.4\\pear;w:\\modules\\php\\PHP_7.4\\pear\\bin;w:\\modules\\php\\PHP_7.4;w:\\modules\\wget\\bin;w:\\modules\\database\\MySQL-8.0-Win10\\bin;w:\\modules\\redis\\Redis-7.0;w:\\modules\\http\\Apache_2.4-PHP_7.2-7.4\\bin;w:\\modules\\http\\Apache_2.4-PHP_7.2-7.4;C:\\Windows\\system32;C:\\Windows;C:\\Windows\\system32\\Wbem;C:\\Windows\\SysWOW64'
    'SystemRoot' => 'C:\\Windows'
    'COMSPEC' => 'C:\\Windows\\system32\\cmd.exe'
    'PATHEXT' => '.COM;.EXE;.BAT;.CMD;.VBS;.VBE;.JS;.JSE;.WSF;.WSH;.MSC'
    'WINDIR' => 'C:\\Windows'
    'SERVER_SIGNATURE' => ''
    'SERVER_SOFTWARE' => 'Apache'
    'SERVER_NAME' => 'yiitesting'
    'SERVER_ADDR' => '127.0.0.1'
    'SERVER_PORT' => '80'
    'REMOTE_ADDR' => '127.0.0.1'
    'DOCUMENT_ROOT' => 'W:/domains/yiitesting'
    'REQUEST_SCHEME' => 'http'
    'CONTEXT_PREFIX' => ''
    'CONTEXT_DOCUMENT_ROOT' => 'W:/domains/yiitesting'
    'SERVER_ADMIN' => '[no address given]'
    'SCRIPT_FILENAME' => 'W:/domains/yiitesting/web/index.php'
    'REMOTE_PORT' => '56799'
    'GATEWAY_INTERFACE' => 'CGI/1.1'
    'SERVER_PROTOCOL' => 'HTTP/1.1'
    'REQUEST_METHOD' => 'GET'
    'QUERY_STRING' => ''
    'REQUEST_URI' => '/web/'
    'SCRIPT_NAME' => '/web/index.php'
    'PHP_SELF' => '/web/index.php'
    'REQUEST_TIME_FLOAT' => 1675933436.6013
    'REQUEST_TIME' => 1675933436
]
2023-02-09 12:04:13 [127.0.0.1][-][-][error][yii\web\HttpException:404] yii\base\InvalidRouteException: Unable to resolve the request "". in W:\domains\yiitesting\vendor\yiisoft\yii2\base\Module.php:561
Stack trace:
#0 W:\domains\yiitesting\vendor\yiisoft\yii2\web\Application.php(103): yii\base\Module->runAction()
#1 W:\domains\yiitesting\vendor\yiisoft\yii2\base\Application.php(384): yii\web\Application->handleRequest()
#2 W:\domains\yiitesting\web\index.php(12): yii\base\Application->run()
#3 {main}

Next yii\web\NotFoundHttpException: Страница не найдена. in W:\domains\yiitesting\vendor\yiisoft\yii2\web\Application.php:115
Stack trace:
#0 W:\domains\yiitesting\vendor\yiisoft\yii2\base\Application.php(384): yii\web\Application->handleRequest()
#1 W:\domains\yiitesting\web\index.php(12): yii\base\Application->run()
#2 {main}
2023-02-09 12:04:13 [127.0.0.1][-][-][info][application] $_GET = []

$_POST = []

$_FILES = []

$_COOKIE = [
    'PHPSESSID' => '5onvp41g1qv94kc07qvcfh7q1ijl6tsn'
    '_csrf' => 'bdeef68185a61fab7db5951ec39f26b233ded79bf05d986bef43ad850a02c77da:2:{i:0;s:5:\"_csrf\";i:1;s:32:\"_yQRztiHWYLG6pVmv1mT9qKWtNkE6OoK\";}'
]

$_SESSION = [
    '__flash' => []
    '__captcha/site/captcha' => 'sateqi'
    '__captcha/site/captchacount' => 1
]

$_SERVER = [
    'HTTP_HOST' => 'yiitesting'
    'HTTP_CONNECTION' => 'keep-alive'
    'HTTP_CACHE_CONTROL' => 'max-age=0'
    'HTTP_UPGRADE_INSECURE_REQUESTS' => '1'
    'HTTP_USER_AGENT' => 'Mozilla/5.0 (Windows NT 10.0; Win64; x64) AppleWebKit/537.36 (KHTML, like Gecko) Chrome/109.0.0.0 Safari/537.36'
    'HTTP_ACCEPT' => 'text/html,application/xhtml+xml,application/xml;q=0.9,image/avif,image/webp,image/apng,*/*;q=0.8,application/signed-exchange;v=b3;q=0.9'
    'HTTP_REFERER' => 'http://yiitesting/web/images/create'
    'HTTP_ACCEPT_ENCODING' => 'gzip, deflate'
    'HTTP_ACCEPT_LANGUAGE' => 'ru-RU,ru;q=0.9,en-US;q=0.8,en;q=0.7'
    'HTTP_COOKIE' => 'PHPSESSID=5onvp41g1qv94kc07qvcfh7q1ijl6tsn; _csrf=bdeef68185a61fab7db5951ec39f26b233ded79bf05d986bef43ad850a02c77da%3A2%3A%7Bi%3A0%3Bs%3A5%3A%22_csrf%22%3Bi%3A1%3Bs%3A32%3A%22_yQRztiHWYLG6pVmv1mT9qKWtNkE6OoK%22%3B%7D'
    'PATH' => 'w:\\modules\\php\\PHP_7.4\\ext;w:\\modules\\php\\PHP_7.4\\pear;w:\\modules\\php\\PHP_7.4\\pear\\bin;w:\\modules\\php\\PHP_7.4;w:\\modules\\wget\\bin;w:\\modules\\database\\MySQL-8.0-Win10\\bin;w:\\modules\\redis\\Redis-7.0;w:\\modules\\http\\Apache_2.4-PHP_7.2-7.4\\bin;w:\\modules\\http\\Apache_2.4-PHP_7.2-7.4;C:\\Windows\\system32;C:\\Windows;C:\\Windows\\system32\\Wbem;C:\\Windows\\SysWOW64'
    'SystemRoot' => 'C:\\Windows'
    'COMSPEC' => 'C:\\Windows\\system32\\cmd.exe'
    'PATHEXT' => '.COM;.EXE;.BAT;.CMD;.VBS;.VBE;.JS;.JSE;.WSF;.WSH;.MSC'
    'WINDIR' => 'C:\\Windows'
    'SERVER_SIGNATURE' => ''
    'SERVER_SOFTWARE' => 'Apache'
    'SERVER_NAME' => 'yiitesting'
    'SERVER_ADDR' => '127.0.0.1'
    'SERVER_PORT' => '80'
    'REMOTE_ADDR' => '127.0.0.1'
    'DOCUMENT_ROOT' => 'W:/domains/yiitesting'
    'REQUEST_SCHEME' => 'http'
    'CONTEXT_PREFIX' => ''
    'CONTEXT_DOCUMENT_ROOT' => 'W:/domains/yiitesting'
    'SERVER_ADMIN' => '[no address given]'
    'SCRIPT_FILENAME' => 'W:/domains/yiitesting/web/index.php'
    'REMOTE_PORT' => '56800'
    'GATEWAY_INTERFACE' => 'CGI/1.1'
    'SERVER_PROTOCOL' => 'HTTP/1.1'
    'REQUEST_METHOD' => 'GET'
    'QUERY_STRING' => ''
    'REQUEST_URI' => '/web/'
    'SCRIPT_NAME' => '/web/index.php'
    'PHP_SELF' => '/web/index.php'
    'REQUEST_TIME_FLOAT' => 1675933453.4317
    'REQUEST_TIME' => 1675933453
]
